2015/11/15 14:32:41 [trace] [system.CModule] Loading "session" application component
2015/11/15 14:32:41 [trace] [system.CModule] Loading "log" application component
2015/11/15 14:32:42 [trace] [system.CModule] Loading "request" application component
2015/11/15 14:32:42 [trace] [system.CModule] Loading "urlManager" application component
2015/11/15 14:32:42 [trace] [system.CModule] Loading "cache" application component
2015/11/15 14:32:42 [trace] [system.db.CDbConnection] Opening DB connection
2015/11/15 14:32:42 [trace] [system.db.CDbCommand] Executing SQL: DELETE FROM YiiCache WHERE expire>0 AND expire<1447594362
2015/11/15 14:32:42 [trace] [system.CModule] Loading "coreMessages" application component
2015/11/15 14:32:42 [trace] [system.db.CDbCommand] Executing SQL: CREATE TABLE YiiCache
(
	id CHAR(128) PRIMARY KEY,
	expire INTEGER,
	value BLOB
)
2015/11/15 14:32:42 [trace] [system.db.CDbCommand] Querying SQL: SELECT value FROM YiiCache WHERE id='4bbc9b23b3c5167eee046ce9e0c2fcd1' AND (expire=0 OR expire>1447594362)
2015/11/15 14:32:42 [trace] [system.caching.CDbCache] Saving "Yii.CUrlManager.rules" to cache
2015/11/15 14:32:42 [trace] [system.db.CDbCommand] Executing SQL: DELETE FROM YiiCache WHERE id='4bbc9b23b3c5167eee046ce9e0c2fcd1'
2015/11/15 14:32:42 [trace] [system.db.CDbCommand] Executing SQL: INSERT INTO YiiCache (id,expire,value) VALUES ('4bbc9b23b3c5167eee046ce9e0c2fcd1',0,:value)
2015/11/15 14:32:42 [trace] [system.web.filters.CFilterChain] Running filter SystemController.filterauth()
2015/11/15 14:32:42 [trace] [system.CModule] Loading "db" application component
2015/11/15 14:32:42 [trace] [system.db.CDbConnection] Opening DB connection
2015/11/15 14:32:42 [trace] [system.CModule] Loading "errorHandler" application component
2015/11/15 14:32:48 [trace] [system.CModule] Loading "session" application component
2015/11/15 14:32:48 [trace] [system.CModule] Loading "log" application component
2015/11/15 14:32:48 [trace] [system.CModule] Loading "request" application component
2015/11/15 14:32:48 [trace] [system.CModule] Loading "urlManager" application component
2015/11/15 14:32:48 [trace] [system.CModule] Loading "cache" application component
2015/11/15 14:32:48 [trace] [system.db.CDbConnection] Opening DB connection
2015/11/15 14:32:48 [trace] [system.db.CDbCommand] Executing SQL: DELETE FROM YiiCache WHERE expire>0 AND expire<1447594368
2015/11/15 14:32:48 [trace] [system.db.CDbCommand] Querying SQL: SELECT value FROM YiiCache WHERE id='4bbc9b23b3c5167eee046ce9e0c2fcd1' AND (expire=0 OR expire>1447594368)
2015/11/15 14:32:48 [trace] [system.caching.CDbCache] Serving "Yii.CUrlManager.rules" from cache
2015/11/15 14:32:48 [trace] [system.web.filters.CFilterChain] Running filter SystemController.filterauth()
2015/11/15 14:32:48 [trace] [system.CModule] Loading "db" application component
2015/11/15 14:32:48 [trace] [system.db.CDbConnection] Opening DB connection
2015/11/15 14:32:48 [trace] [system.CModule] Loading "errorHandler" application component
2015/11/15 14:34:12 [trace] [system.CModule] Loading "session" application component
2015/11/15 14:34:12 [trace] [system.CModule] Loading "log" application component
2015/11/15 14:34:12 [trace] [system.CModule] Loading "request" application component
2015/11/15 14:34:12 [trace] [system.CModule] Loading "urlManager" application component
2015/11/15 14:34:12 [trace] [system.CModule] Loading "cache" application component
2015/11/15 14:34:12 [trace] [system.db.CDbConnection] Opening DB connection
2015/11/15 14:34:12 [trace] [system.db.CDbCommand] Executing SQL: DELETE FROM YiiCache WHERE expire>0 AND expire<1447594452
2015/11/15 14:34:12 [trace] [system.db.CDbCommand] Querying SQL: SELECT value FROM YiiCache WHERE id='4bbc9b23b3c5167eee046ce9e0c2fcd1' AND (expire=0 OR expire>1447594452)
2015/11/15 14:34:12 [trace] [system.caching.CDbCache] Serving "Yii.CUrlManager.rules" from cache
2015/11/15 14:34:12 [trace] [system.web.filters.CFilterChain] Running filter SystemController.filterauth()
2015/11/15 14:34:12 [trace] [system.CModule] Loading "db" application component
2015/11/15 14:34:12 [trace] [system.db.CDbConnection] Opening DB connection
2015/11/15 14:34:12 [trace] [system.CModule] Loading "errorHandler" application component
2015/11/15 14:35:56 [trace] [system.CModule] Loading "session" application component
2015/11/15 14:35:56 [trace] [system.CModule] Loading "log" application component
2015/11/15 14:35:56 [trace] [system.CModule] Loading "request" application component
2015/11/15 14:35:56 [trace] [system.CModule] Loading "urlManager" application component
2015/11/15 14:35:56 [trace] [system.CModule] Loading "cache" application component
2015/11/15 14:35:56 [trace] [system.db.CDbConnection] Opening DB connection
2015/11/15 14:35:56 [trace] [system.db.CDbCommand] Executing SQL: DELETE FROM YiiCache WHERE expire>0 AND expire<1447594556
2015/11/15 14:35:56 [trace] [system.db.CDbCommand] Querying SQL: SELECT value FROM YiiCache WHERE id='4bbc9b23b3c5167eee046ce9e0c2fcd1' AND (expire=0 OR expire>1447594556)
2015/11/15 14:35:56 [trace] [system.caching.CDbCache] Serving "Yii.CUrlManager.rules" from cache
2015/11/15 14:35:56 [trace] [system.web.filters.CFilterChain] Running filter SystemController.filterauth()
2015/11/15 14:35:56 [trace] [system.CModule] Loading "db" application component
2015/11/15 14:35:56 [trace] [system.db.CDbConnection] Opening DB connection
2015/11/15 14:35:56 [trace] [system.CModule] Loading "errorHandler" application component
2015/11/15 14:36:35 [trace] [system.CModule] Loading "session" application component
2015/11/15 14:36:35 [trace] [system.CModule] Loading "log" application component
2015/11/15 14:36:35 [trace] [system.CModule] Loading "request" application component
2015/11/15 14:36:35 [trace] [system.CModule] Loading "urlManager" application component
2015/11/15 14:36:35 [trace] [system.CModule] Loading "cache" application component
2015/11/15 14:36:35 [trace] [system.db.CDbConnection] Opening DB connection
2015/11/15 14:36:35 [trace] [system.db.CDbCommand] Executing SQL: DELETE FROM YiiCache WHERE expire>0 AND expire<1447594595
2015/11/15 14:36:35 [trace] [system.db.CDbCommand] Querying SQL: SELECT value FROM YiiCache WHERE id='4bbc9b23b3c5167eee046ce9e0c2fcd1' AND (expire=0 OR expire>1447594595)
2015/11/15 14:36:35 [trace] [system.caching.CDbCache] Serving "Yii.CUrlManager.rules" from cache
2015/11/15 14:36:35 [trace] [system.web.filters.CFilterChain] Running filter SystemController.filterauth()
2015/11/15 14:36:35 [trace] [system.CModule] Loading "db" application component
2015/11/15 14:36:35 [trace] [system.db.CDbConnection] Opening DB connection
2015/11/15 14:36:35 [trace] [system.web.filters.CFilterChain] Running filter SystemController.filteractionLog()
2015/11/15 14:36:35 [trace] [system.CModule] Loading "coreMessages" application component
2015/11/15 14:36:35 [trace] [system.CModule] Loading "logging" application component
2015/11/15 14:36:35 [trace] [system.CModule] Loading "errorHandler" application component
2015/11/15 14:37:22 [trace] [system.CModule] Loading "session" application component
2015/11/15 14:37:22 [trace] [system.CModule] Loading "log" application component
2015/11/15 14:37:22 [trace] [system.CModule] Loading "request" application component
2015/11/15 14:37:22 [trace] [system.CModule] Loading "urlManager" application component
2015/11/15 14:37:22 [trace] [system.CModule] Loading "cache" application component
2015/11/15 14:37:22 [trace] [system.db.CDbConnection] Opening DB connection
2015/11/15 14:37:22 [trace] [system.db.CDbCommand] Executing SQL: DELETE FROM YiiCache WHERE expire>0 AND expire<1447594642
2015/11/15 14:37:22 [trace] [system.db.CDbCommand] Querying SQL: SELECT value FROM YiiCache WHERE id='4bbc9b23b3c5167eee046ce9e0c2fcd1' AND (expire=0 OR expire>1447594642)
2015/11/15 14:37:22 [trace] [system.caching.CDbCache] Serving "Yii.CUrlManager.rules" from cache
2015/11/15 14:37:22 [trace] [system.web.filters.CFilterChain] Running filter SystemController.filterauth()
2015/11/15 14:37:22 [trace] [system.CModule] Loading "db" application component
2015/11/15 14:37:22 [trace] [system.db.CDbConnection] Opening DB connection
2015/11/15 14:37:22 [trace] [system.web.filters.CFilterChain] Running filter SystemController.filteractionLog()
2015/11/15 14:37:22 [trace] [system.CModule] Loading "errorHandler" application component
2015/11/15 14:37:43 [trace] [system.CModule] Loading "session" application component
2015/11/15 14:37:43 [trace] [system.CModule] Loading "log" application component
2015/11/15 14:37:43 [trace] [system.CModule] Loading "request" application component
2015/11/15 14:37:43 [trace] [system.CModule] Loading "urlManager" application component
2015/11/15 14:37:43 [trace] [system.CModule] Loading "cache" application component
2015/11/15 14:37:43 [trace] [system.db.CDbConnection] Opening DB connection
2015/11/15 14:37:43 [trace] [system.db.CDbCommand] Executing SQL: DELETE FROM YiiCache WHERE expire>0 AND expire<1447594663
2015/11/15 14:37:43 [trace] [system.db.CDbCommand] Querying SQL: SELECT value FROM YiiCache WHERE id='4bbc9b23b3c5167eee046ce9e0c2fcd1' AND (expire=0 OR expire>1447594663)
2015/11/15 14:37:43 [trace] [system.caching.CDbCache] Serving "Yii.CUrlManager.rules" from cache
2015/11/15 14:37:43 [trace] [system.web.filters.CFilterChain] Running filter SystemController.filterauth()
2015/11/15 14:37:43 [trace] [system.CModule] Loading "db" application component
2015/11/15 14:37:43 [trace] [system.db.CDbConnection] Opening DB connection
2015/11/15 14:37:43 [trace] [system.web.filters.CFilterChain] Running filter SystemController.filteractionLog()
2015/11/15 14:37:43 [trace] [system.CModule] Loading "errorHandler" application component
2015/11/15 14:38:57 [trace] [system.CModule] Loading "session" application component
2015/11/15 14:38:57 [trace] [system.CModule] Loading "log" application component
2015/11/15 14:38:57 [trace] [system.CModule] Loading "request" application component
2015/11/15 14:38:57 [trace] [system.CModule] Loading "urlManager" application component
2015/11/15 14:38:57 [trace] [system.CModule] Loading "cache" application component
2015/11/15 14:38:57 [trace] [system.db.CDbConnection] Opening DB connection
2015/11/15 14:38:57 [trace] [system.db.CDbCommand] Executing SQL: DELETE FROM YiiCache WHERE expire>0 AND expire<1447594737
2015/11/15 14:38:57 [trace] [system.db.CDbCommand] Querying SQL: SELECT value FROM YiiCache WHERE id='4bbc9b23b3c5167eee046ce9e0c2fcd1' AND (expire=0 OR expire>1447594737)
2015/11/15 14:38:57 [trace] [system.caching.CDbCache] Serving "Yii.CUrlManager.rules" from cache
2015/11/15 14:38:57 [trace] [system.web.filters.CFilterChain] Running filter SystemController.filterauth()
2015/11/15 14:38:57 [trace] [system.CModule] Loading "db" application component
2015/11/15 14:38:57 [trace] [system.db.CDbConnection] Opening DB connection
2015/11/15 14:38:57 [trace] [system.web.filters.CFilterChain] Running filter SystemController.filteractionLog()
2015/11/15 14:39:37 [trace] [system.CModule] Loading "session" application component
2015/11/15 14:39:37 [trace] [system.CModule] Loading "log" application component
2015/11/15 14:39:37 [trace] [system.CModule] Loading "request" application component
2015/11/15 14:39:37 [trace] [system.CModule] Loading "urlManager" application component
2015/11/15 14:39:37 [trace] [system.CModule] Loading "cache" application component
2015/11/15 14:39:37 [trace] [system.db.CDbConnection] Opening DB connection
2015/11/15 14:39:37 [trace] [system.db.CDbCommand] Executing SQL: DELETE FROM YiiCache WHERE expire>0 AND expire<1447594777
2015/11/15 14:39:37 [trace] [system.db.CDbCommand] Querying SQL: SELECT value FROM YiiCache WHERE id='4bbc9b23b3c5167eee046ce9e0c2fcd1' AND (expire=0 OR expire>1447594777)
2015/11/15 14:39:37 [trace] [system.caching.CDbCache] Serving "Yii.CUrlManager.rules" from cache
2015/11/15 14:39:37 [trace] [system.web.filters.CFilterChain] Running filter SystemController.filterauth()
2015/11/15 14:39:37 [trace] [system.CModule] Loading "db" application component
2015/11/15 14:39:37 [trace] [system.db.CDbConnection] Opening DB connection
2015/11/15 14:39:37 [trace] [system.web.filters.CFilterChain] Running filter SystemController.filteractionLog()
2015/11/15 14:42:14 [trace] [system.CModule] Loading "session" application component
2015/11/15 14:42:14 [trace] [system.CModule] Loading "log" application component
2015/11/15 14:42:14 [trace] [system.CModule] Loading "request" application component
2015/11/15 14:42:14 [trace] [system.CModule] Loading "urlManager" application component
2015/11/15 14:42:14 [trace] [system.CModule] Loading "cache" application component
2015/11/15 14:42:14 [trace] [system.db.CDbConnection] Opening DB connection
2015/11/15 14:42:14 [trace] [system.db.CDbCommand] Executing SQL: DELETE FROM YiiCache WHERE expire>0 AND expire<1447594934
2015/11/15 14:42:14 [trace] [system.db.CDbCommand] Querying SQL: SELECT value FROM YiiCache WHERE id='4bbc9b23b3c5167eee046ce9e0c2fcd1' AND (expire=0 OR expire>1447594934)
2015/11/15 14:42:14 [trace] [system.caching.CDbCache] Serving "Yii.CUrlManager.rules" from cache
2015/11/15 14:42:14 [trace] [system.web.filters.CFilterChain] Running filter SystemController.filterauth()
2015/11/15 14:42:14 [trace] [system.CModule] Loading "db" application component
2015/11/15 14:42:14 [trace] [system.db.CDbConnection] Opening DB connection
2015/11/15 14:42:14 [trace] [system.web.filters.CFilterChain] Running filter SystemController.filteractionLog()
2015/11/15 14:42:52 [trace] [system.CModule] Loading "session" application component
2015/11/15 14:42:52 [trace] [system.CModule] Loading "log" application component
2015/11/15 14:42:52 [trace] [system.CModule] Loading "request" application component
2015/11/15 14:42:52 [trace] [system.CModule] Loading "urlManager" application component
2015/11/15 14:42:52 [trace] [system.CModule] Loading "cache" application component
2015/11/15 14:42:52 [trace] [system.db.CDbConnection] Opening DB connection
2015/11/15 14:42:52 [trace] [system.db.CDbCommand] Executing SQL: DELETE FROM YiiCache WHERE expire>0 AND expire<1447594972
2015/11/15 14:42:52 [trace] [system.db.CDbCommand] Querying SQL: SELECT value FROM YiiCache WHERE id='4bbc9b23b3c5167eee046ce9e0c2fcd1' AND (expire=0 OR expire>1447594972)
2015/11/15 14:42:52 [trace] [system.caching.CDbCache] Serving "Yii.CUrlManager.rules" from cache
2015/11/15 14:42:52 [trace] [system.web.filters.CFilterChain] Running filter SystemController.filterauth()
2015/11/15 14:42:52 [trace] [system.CModule] Loading "db" application component
2015/11/15 14:42:52 [trace] [system.db.CDbConnection] Opening DB connection
2015/11/15 14:42:52 [trace] [system.web.filters.CFilterChain] Running filter SystemController.filteractionLog()
2015/11/15 14:43:15 [trace] [system.CModule] Loading "session" application component
2015/11/15 14:43:15 [trace] [system.CModule] Loading "log" application component
2015/11/15 14:43:15 [trace] [system.CModule] Loading "request" application component
2015/11/15 14:43:15 [trace] [system.CModule] Loading "urlManager" application component
2015/11/15 14:43:15 [trace] [system.CModule] Loading "cache" application component
2015/11/15 14:43:15 [trace] [system.db.CDbConnection] Opening DB connection
2015/11/15 14:43:15 [trace] [system.db.CDbCommand] Executing SQL: DELETE FROM YiiCache WHERE expire>0 AND expire<1447594995
2015/11/15 14:43:15 [trace] [system.db.CDbCommand] Querying SQL: SELECT value FROM YiiCache WHERE id='4bbc9b23b3c5167eee046ce9e0c2fcd1' AND (expire=0 OR expire>1447594995)
2015/11/15 14:43:15 [trace] [system.caching.CDbCache] Serving "Yii.CUrlManager.rules" from cache
2015/11/15 14:43:15 [trace] [system.web.filters.CFilterChain] Running filter SystemController.filterauth()
2015/11/15 14:43:15 [trace] [system.CModule] Loading "db" application component
2015/11/15 14:43:15 [trace] [system.db.CDbConnection] Opening DB connection
2015/11/15 14:43:15 [trace] [system.web.filters.CFilterChain] Running filter SystemController.filteractionLog()
2015/11/15 14:46:36 [trace] [system.CModule] Loading "session" application component
2015/11/15 14:46:36 [trace] [system.CModule] Loading "log" application component
2015/11/15 14:46:36 [trace] [system.CModule] Loading "request" application component
2015/11/15 14:46:36 [trace] [system.CModule] Loading "urlManager" application component
2015/11/15 14:46:36 [trace] [system.CModule] Loading "cache" application component
2015/11/15 14:46:36 [trace] [system.db.CDbConnection] Opening DB connection
2015/11/15 14:46:36 [trace] [system.db.CDbCommand] Executing SQL: DELETE FROM YiiCache WHERE expire>0 AND expire<1447595196
2015/11/15 14:46:36 [trace] [system.db.CDbCommand] Querying SQL: SELECT value FROM YiiCache WHERE id='4bbc9b23b3c5167eee046ce9e0c2fcd1' AND (expire=0 OR expire>1447595196)
2015/11/15 14:46:36 [trace] [system.caching.CDbCache] Serving "Yii.CUrlManager.rules" from cache
2015/11/15 14:46:36 [trace] [system.web.filters.CFilterChain] Running filter SystemController.filterauth()
2015/11/15 14:46:36 [trace] [system.CModule] Loading "db" application component
2015/11/15 14:46:36 [trace] [system.db.CDbConnection] Opening DB connection
2015/11/15 14:46:36 [trace] [system.web.filters.CFilterChain] Running filter SystemController.filteractionLog()
